0 info it worked if it ends with ok
1 verbose cli [ 'node',
1 verbose cli   '/usr/local/bin/npm',
1 verbose cli   'install',
1 verbose cli   'gulp#v3.5.1',
1 verbose cli   '--save' ]
2 info using npm@1.3.24
3 info using node@v0.10.25
4 verbose readDependencies using package.json deps
5 verbose cache add [ 'gulp#v3.5.1', null ]
6 verbose cache add name=undefined spec="gulp#v3.5.1" args=["gulp#v3.5.1",null]
7 verbose parsed url { protocol: null,
7 verbose parsed url   slashes: null,
7 verbose parsed url   auth: null,
7 verbose parsed url   host: null,
7 verbose parsed url   port: null,
7 verbose parsed url   hostname: null,
7 verbose parsed url   hash: '#v3.5.1',
7 verbose parsed url   search: null,
7 verbose parsed url   query: null,
7 verbose parsed url   pathname: 'gulp',
7 verbose parsed url   path: 'gulp',
7 verbose parsed url   href: 'gulp#v3.5.1' }
8 silly lockFile 7d8ef9ce-gulp-v3-5-1 gulp#v3.5.1
9 verbose lock gulp#v3.5.1 /Users/ian/.npm/7d8ef9ce-gulp-v3-5-1.lock
10 silly lockFile 7d8ef9ce-gulp-v3-5-1 gulp#v3.5.1
11 silly lockFile 7d8ef9ce-gulp-v3-5-1 gulp#v3.5.1
12 verbose addNamed [ 'gulp#v3.5.1', '' ]
13 verbose addNamed [ null, '*' ]
14 silly lockFile 4b386d54-gulp-v3-5-1 gulp#v3.5.1@
15 verbose lock gulp#v3.5.1@ /Users/ian/.npm/4b386d54-gulp-v3-5-1.lock
16 silly addNameRange { name: 'gulp#v3.5.1', range: '*', hasData: false }
17 verbose url raw gulp#v3.5.1
18 verbose url resolving [ 'https://registry.npmjs.org/', './gulp%23v3.5.1' ]
19 verbose url resolved https://registry.npmjs.org/gulp%23v3.5.1
20 info trying registry request attempt 1 at 01:46:13
21 http GET https://registry.npmjs.org/gulp%23v3.5.1
22 http 404 https://registry.npmjs.org/gulp%23v3.5.1
23 silly registry.get cb [ 404,
23 silly registry.get   { date: 'Wed, 05 Feb 2014 06:46:13 GMT',
23 silly registry.get     server: 'CouchDB/1.5.0 (Erlang OTP/R16B)',
23 silly registry.get     'content-type': 'application/json',
23 silly registry.get     'cache-control': 'max-age=0',
23 silly registry.get     'content-length': '52',
23 silly registry.get     'accept-ranges': 'bytes',
23 silly registry.get     via: '1.1 varnish',
23 silly registry.get     age: '0',
23 silly registry.get     'x-served-by': 'cache-v43-ASH',
23 silly registry.get     'x-cache': 'MISS',
23 silly registry.get     'x-cache-hits': '0',
23 silly registry.get     'x-timer': 'S1391582773.410662413,VS0,VE406',
23 silly registry.get     'keep-alive': 'timeout=10, max=50',
23 silly registry.get     connection: 'Keep-Alive' } ]
24 silly lockFile 4b386d54-gulp-v3-5-1 gulp#v3.5.1@
25 silly lockFile 4b386d54-gulp-v3-5-1 gulp#v3.5.1@
26 error 404 'gulp%23v3.5.1' is not in the npm registry.
26 error 404 You should bug the author to publish it
26 error 404 It was specified as a dependency of 'ng-boilerplate'
26 error 404
26 error 404 Note that you can also install from a
26 error 404 tarball, folder, or http url, or git url.
27 error System Darwin 13.0.2
28 error command "node" "/usr/local/bin/npm" "install" "gulp#v3.5.1" "--save"
29 error cwd /Users/ian/redhook/ng-boilerplate
30 error node -v v0.10.25
31 error npm -v 1.3.24
32 error code E404
33 verbose exit [ 1, true ]
